------ IPMsg ver4.99r5(x64) -----
 Date        : 2021/11/14 13:47:25
 Start       : 2021/11/14 13:46:17
 OS Infos    : 0a/00/47ba/00/00/100
 Mod Addr    : 0000000140000000
 Code/Adr/DC : C0000005 / 000000014000D39A / 00000000026BF160
 AX/BX/CX/DX : 00000001401B50E8 / 0000000000000001 / 000000000299CD00 / 0000000000000000
 SI/DI/BP/SP : 000000000299CD00 / 0000000000000000 / 000000000014F350 / 000000000014F248
 08/09/10/11 : 0000000000000000 / 0000000000000000 / 0000000000008000 / 000000000014F180
 12/13/14/15 : 000000009EC093B0 / 0000000000000000 / 0000000000000636 / 000000000282D480
 BT/BF/ET/EF : 0000000000000000 / 0000000000000000 / 0000000000000000 / 0000000000000000
------- pre stack info -----
000000000282D380 0000000000000000 0000F8B9BDBA6BED 000000000282D480
000000000282D480 0000000000000000 0000000000000000 000000000282D480
0000000000000636 0000000000000000 000000009EC093B0 000000000282D480
00007FFFD451FBA1 0000000000000068 00000000005A0000 000000000014F350
0000000000000000 0000000000000000 0000000000000033 000000000282D480
0000000140185324 0000000000000001 0000000000000001 0000794AABCFA6CC
0000000000000034 0000000000000001 00000001400721AE 0000000000000000
0000000000000000 0000000000000000 000000000299CD00 0000000000000000
------- stack info -----
00000001400734B7 0000000000000001 000000000299CD00 000000000299CD00
000000000299CD00 0000000000000000 0000000000000000 0000000000000098
00007FFFD1F2A526 0000000000000001 0000000000000000 0000000000000000
0000000000000000 0000000000000000 00007FFFD1F0E0B1 FFFFFFFFFF800ACE
FFFFFFFFFFFFFFFE 0000000002740160 00000000FFFFFDCD 00000000005A0049
000000000010008E FFFFFFFF80010ACE 0000000000000003 000000000014F399
00007FFFD3C1FD2A 0000000002740160 0000000000000000 0000000000000001
0000000000000148 0000946300000000 00007FFFD45207CD 0000000100000001
0000000100000001 0000000300000003 0000000100000146 000000000010008E
0000001100000003 0000000100000146 000000000010008E 0000000400000003
0000000D00000001 000000000010008E 0000000400000148 0000000D00000001
000000000010008E 000091D61F90D0D3 0000000002A258F0 0000000000000024
0000000000000000 00000000028E0450 FFFFFFFF80010ACE 000000000014F530
00007FFFD3C1FBE8 FFFFFFFFFFFFFFFF 0000000000000021 0000000000000004
00007FFFD4523E18 0000000000000001 0000000000000001 0000000000000002
0000000000526000 0000000000000021 FFFFFFFF80010ACE 000000000014F530
0000000000D74DA0 0000000002A25801 3100000000526000 0000000000520000
0000000000000020 0000000000000008 0000000000000002 0000000000000020
0000000000000002 0000000000000000 0000000000526000 0000000000000018
0000000000000636 00000000FFFFFFF4 00007FFFD4504FA3 0000794AABCFBB5C
0000000000000000 0000000000010390 0000000000000636 000000000003035C
000000000014FE80 000000000014F540 00000001400A3636 FFFFFFFF80010ACE
000000000299CD00 0000000000000000 0000000140013B73 0000000000000000
000000150000014C 0000000000000000 00007FFFCF776DCA 0000000000000111
00000001400A4473 000000000299CD00 000000000003035C 000000000014FE80
000000000003035C 0000000000000111 0000000000000001 0000000000010390
0000000000000001 0000000000000000 00007FFFD3C08BCE 0000000000010390
0000000000000001 000000000014F728 0000000000000000 000000000014F810
00007FFFD1F28DCA 0000000000900010 FFFFFFFF80010ACE 0000000000000001
0000000080006011 0000000000000000 00049904000001D4 00000000004F0F78
FFFFFFFFFF9907E2 00049904000001D4 00010001000001D4 00000001400A4410
000000000003035C 0000000000000048 0000000000000001 0000000000000000
0000000000000000 0000000000000030 FFFFFFFFFFFFFFFF FFFFFFFFFFFFFFFF
00007FFFD3C08AEB 0000000000000000 00007FFFD4504FA3 0000000000000001
000000000003035C 0000000000010390 0000000000000636 0000000000D6E9A0
00007FFFD3C08392 0000000000000000 00000001400A4410 0000000000000111
00007FFFD4504FA3 0000000000000636 000000000003035C 0000000000000000
000000000014F700 0000000000000000 000000000003035C 0000000000000000
0000024A87CA5335 000091D61F90D573 0000000000000000 000027EBED3E05D7
0000000000000000 0000000000000000 0000000000010390 0000000000000111
0000000000000636 0000000000000111 000000000003035C 000000000014F9A0
00007FFFD3C0829F 000000000003035C 000000000014F9A0 0000000000000111
0000000000000000 000027EB00000000 00000000000000F3 0000000080006011
00007FFFD3C0681D 0000000000000001 0000000000000000 0000000000000001
0000000000000000 0000000000000031 0000000000000001 0000000000000048
0000000000000001 0000000000000001 0000000000000000 0000000000000000
8000601100000000 0000000000000000 0000000000000000 00000000D3C06AE0
0000000000000001 0000000000000048 0000000000000001 0000000000000000
0000000000000000 0000000000000030 FFFFFFFFFFFFFFFF FFFFFFFFFFFFFFFF
00007FFFD3C066A4 0000000000000000 00007FFFD36BBFF6 00007FFFBA33CD70
00007FFFBA2F6C93 0000000300000000 0000000300000000 0000000000000000
00007FFFD4533570 0000000000010390 00007FFFD36BD9B7 0000000000000000
0000000000000000 00007FFFD457BDF0 0000000000000000 0000000000000000
00007FFFD3C063EC 0000000000000388 00007FFFBA33CD70 000000000003035C
0000000080000000 0000000000000000 00000000FFFFFED1 0000000000010390
000000000003035C 0000000000000111 00007FFFD3C05E2C 0000000000D6E9A0
00007FFFD457BDF0 0000000000010390 00007FFFD457BDF0 0000000000000636
000000000003035C 00007FFF00000000 0000000000000001 0000000000000000
00007FFFD457BDF0 0000000000000000 00007FFFD3C76330 0000000000000636
000000000003035C 00000000000500B9 000000000003035C 0000000050010101
0000000000010390 0000000000000111 00007FFFD3C05B98 00007FFF00000000
0000000000000000 0000000000000636 0000000000D6E9A0 0000000000000000
00007FFFBA305C31 0000000000010390 0000000000000000 0000000000000000
0000000000000000 0000000000000001 00007FFFBA305BD9 00000000028E0450
---- reg point info ----
    a05e0040 01000000 e8d01c40 01000000 005f0040 01000000 30d31c40 01000000
Rax 40d40040 01000000 90d30040 01000000 50d30040 01000000 10cc1c40 01000000
    c05f0040 01000000 2829245e 2e2a2b3f 5b5d7c5c 2d7b7d2c 3a3d210a 0d080000

    45430000 00000000 00000000 00000000 00000000 00000000 d50001d4 ca822008
Rcx e8501b40 01000000 00000000 00000000 00000000 00000000 b093c09e 20000000
    5d020000 09020000 c7030000 02030000 00000000 00000000 6a010000 f9000000

    45430000 00000000 00000000 00000000 00000000 00000000 d50001d4 ca822008
Rsi e8501b40 01000000 00000000 00000000 00000000 00000000 b093c09e 20000000
    5d020000 09020000 c7030000 02030000 00000000 00000000 6a010000 f9000000

    00000000 63940000 cd0752d4 ff7f0000 01000000 01000000 01000000 01000000
Rbp 03000000 03000000 46010000 01000000 8e001000 00000000 03000000 11000000
    46010000 01000000 8e001000 00000000 03000000 04000000 01000000 0d000000

    00000000 00000000 00000000 00000000 00cd9902 00000000 00000000 00000000
Rsp b7340740 01000000 01000000 00000000 00cd9902 00000000 00cd9902 00000000
    00cd9902 00000000 00000000 00000000 00000000 00000000 98000000 00000000

    80d48202 00000000 80d48202 00000000 00000000 00000000 00000000 00000000
R11 80d48202 00000000 36060000 00000000 00000000 00000000 b093c09e 00000000
    80d48202 00000000 a1fb51d4 ff7f0000 68000000 00000000 00005a00 00000000

    00000000 00000000 d9f4b09b 000a0088 e0478e02 00000000 d8f4b19b 000b0080
R15 d08b7b02 00000000 d7f4ae9b 000c008d 46490000 00000000 d6f4af9b 000d0080
    48494400 00000000 d5f4ac9b 000e0088 d096af02 00000000 d4f4ad9b 000f008e

    894208b8 01000000 c3cccccc cccccccc cccccccc cccc4883 79080074 0333c0c3
Rip 488b4210 48894110 48895108 488b4210 48894808 b8010000 0048894a 10c3cccc
    cccccccc cccc488d 05217d1a 00488bd1 48890148 8b490848 85c97423 483bca74
---- dump info ----
 size=9020581 flags=1a25

---- back trace info ----
 0: 000000014000D39A :     d39a : IPMsg.exe
------------------------

